<?xml version="1.0" encoding="UTF-8"?>
<testsuite name="jbr.gradlejar.CalcTest" tests="4" skipped="0" failures="0" errors="0" timestamp="2018-06-20T17:46:37" hostname="DESKTOP-P483ACV" time="0.005">
  <properties/>
  <testcase name="testAdd" classname="jbr.gradlejar.CalcTest" time="0.003"/>
  <testcase name="testDiv" classname="jbr.gradlejar.CalcTest" time="0.0"/>
  <testcase name="testMul" classname="jbr.gradlejar.CalcTest" time="0.0"/>
  <testcase name="testSub" classname="jbr.gradlejar.CalcTest" time="0.0"/>
  <system-out><![CDATA[]]></system-out>
  <system-err><![CDATA[]]></system-err>
</testsuite>
